\BOOKMARK [0][-]{chapter.1}{ 初中数学思想和解题方法}{}% 1
\BOOKMARK [1][-]{section.1.1}{数型结合}{chapter.1}% 2
\BOOKMARK [1][-]{section.1.2}{分类讨论}{chapter.1}% 3
\BOOKMARK [1][-]{section.1.3}{整体带入法}{chapter.1}% 4
\BOOKMARK [0][-]{chapter.2}{勾股定理}{}% 5
\BOOKMARK [1][-]{section.2.1}{勾股定理各种题型}{chapter.2}% 6
\BOOKMARK [2][-]{subsection.2.1.1}{方程思想和勾股定理结合的题目}{section.2.1}% 7
\BOOKMARK [2][-]{subsection.2.1.2}{求最短距离问题}{section.2.1}% 8
\BOOKMARK [2][-]{subsection.2.1.3}{网格问题}{section.2.1}% 9
\BOOKMARK [0][-]{chapter.3}{全等三角形}{}% 10
\BOOKMARK [1][-]{section.3.1}{全等三角形}{chapter.3}% 11
\BOOKMARK [2][-]{subsection.3.1.1}{学习要求}{section.3.1}% 12
\BOOKMARK [2][-]{subsection.3.1.2}{概念}{section.3.1}% 13
\BOOKMARK [0][-]{chapter.4}{一元二次方程}{}% 14
\BOOKMARK [1][-]{section.4.1}{概念}{chapter.4}% 15
\BOOKMARK [2][-]{subsection.4.1.1}{定义}{section.4.1}% 16
\BOOKMARK [2][-]{subsection.4.1.2}{一般形式}{section.4.1}% 17
\BOOKMARK [2][-]{subsection.4.1.3}{判断一元二次方程}{section.4.1}% 18
\BOOKMARK [1][-]{section.4.2}{解方程}{chapter.4}% 19
\BOOKMARK [1][-]{section.4.3}{一元二次方程根的判别式}{chapter.4}% 20
\BOOKMARK [1][-]{section.4.4}{根与系数的关系}{chapter.4}% 21
\BOOKMARK [1][-]{section.4.5}{习题}{chapter.4}% 22
\BOOKMARK [2][-]{subsection.4.5.1}{定义}{section.4.5}% 23
\BOOKMARK [2][-]{subsection.4.5.2}{解一元二次方程}{section.4.5}% 24
\BOOKMARK [2][-]{subsection.4.5.3}{根与系数的关系}{section.4.5}% 25
\BOOKMARK [2][-]{subsection.4.5.4}{根的判别式}{section.4.5}% 26
\BOOKMARK [1][-]{section.4.6}{一元二次方程的应用}{chapter.4}% 27
\BOOKMARK [2][-]{subsection.4.6.1}{传播问题}{section.4.6}% 28
\BOOKMARK [2][-]{subsection.4.6.2}{平均增长率问题}{section.4.6}% 29
\BOOKMARK [2][-]{subsection.4.6.3}{握手问题}{section.4.6}% 30
\BOOKMARK [2][-]{subsection.4.6.4}{商品销售问题}{section.4.6}% 31
\BOOKMARK [2][-]{subsection.4.6.5}{面积问题}{section.4.6}% 32
\BOOKMARK [2][-]{subsection.4.6.6}{数字问题}{section.4.6}% 33
